Using pre-set license
Built from '2022.3/staging' branch; Version is '2022.3.19f1 (244b723c30a6) revision 2378610'; Using compiler version '192829333'; Build Type 'Release'
OS: 'Windows 11  (10.0.22631) 64bit Professional' Language: 'en' Physical Memory: 32540 MB
BatchMode: 1, IsHumanControllingUs: 0, StartBugReporterOnCrash: 0, Is64bit: 1, IsPro: 1

COMMAND LINE ARGUMENTS:
C:\Program Files\2022.3.19f1\Editor\Unity.exe
-adb2
-batchMode
-noUpm
-name
AssetImportWorker0
-projectPath
C:/Users/Alexei/Documents/GitHub/My2DProjectROMAC
-logFile
Logs/AssetImportWorker0.log
-srvPort
60993
Successfully changed project path to: C:/Users/Alexei/Documents/GitHub/My2DProjectROMAC
C:/Users/Alexei/Documents/GitHub/My2DProjectROMAC
[UnityMemory] Configuration Parameters - Can be set up in boot.config
    "memorysetup-bucket-allocator-granularity=16"
    "memorysetup-bucket-allocator-bucket-count=8"
    "memorysetup-bucket-allocator-block-size=33554432"
    "memorysetup-bucket-allocator-block-count=8"
    "memorysetup-main-allocator-block-size=16777216"
    "memorysetup-thread-allocator-block-size=16777216"
    "memorysetup-gfx-main-allocator-block-size=16777216"
    "memorysetup-gfx-thread-allocator-block-size=16777216"
    "memorysetup-cache-allocator-block-size=4194304"
    "memorysetup-typetree-allocator-block-size=2097152"
    "memorysetup-profiler-bucket-allocator-granularity=16"
    "memorysetup-profiler-bucket-allocator-bucket-count=8"
    "memorysetup-profiler-bucket-allocator-block-size=33554432"
    "memorysetup-profiler-bucket-allocator-block-count=8"
    "memorysetup-profiler-allocator-block-size=16777216"
    "memorysetup-profiler-editor-allocator-block-size=1048576"
    "memorysetup-temp-allocator-size-main=16777216"
    "memorysetup-job-temp-allocator-block-size=2097152"
    "memorysetup-job-temp-allocator-block-size-background=1048576"
    "memorysetup-job-temp-allocator-reduction-small-platforms=262144"
    "memorysetup-allocator-temp-initial-block-size-main=262144"
    "memorysetup-allocator-temp-initial-block-size-worker=262144"
    "memorysetup-temp-allocator-size-background-worker=32768"
    "memorysetup-temp-allocator-size-job-worker=262144"
    "memorysetup-temp-allocator-size-preload-manager=33554432"
    "memorysetup-temp-allocator-size-nav-mesh-worker=65536"
    "memorysetup-temp-allocator-size-audio-worker=65536"
    "memorysetup-temp-allocator-size-cloud-worker=32768"
    "memorysetup-temp-allocator-size-gi-baking-worker=262144"
    "memorysetup-temp-allocator-size-gfx=262144"
Player connection [23208] Host "[IP] 192.168.100.50 [Port] 0 [Flags] 2 [Guid] 2746870051 [EditorId] 2746870051 [Version] 1048832 [Id] WindowsEditor(7,DS3HAX) [Debug] 1 [PackageName] WindowsEditor [ProjectName] Editor" joined multi-casting on [225.0.0.222:54997]...

Player connection [23208] Host "[IP] 192.168.100.50 [Port] 0 [Flags] 2 [Guid] 2746870051 [EditorId] 2746870051 [Version] 1048832 [Id] WindowsEditor(7,DS3HAX) [Debug] 1 [PackageName] WindowsEditor [ProjectName] Editor" joined alternative multi-casting on [225.0.0.222:34997]...

[Physics::Module] Initialized MultithreadedJobDispatcher with 19 workers.
Refreshing native plugins compatible for Editor in 9.54 ms, found 4 plugins.
Preloading 0 native plugins for Editor in 0.00 ms.
Initialize engine version: 2022.3.19f1 (244b723c30a6)
[Subsystems] Discovering subsystems at path C:/Program Files/2022.3.19f1/Editor/Data/Resources/UnitySubsystems
[Subsystems] Discovering subsystems at path C:/Users/Alexei/Documents/GitHub/My2DProjectROMAC/Assets
GfxDevice: creating device client; threaded=0; jobified=0
Direct3D:
    Version:  Direct3D 11.0 [level 11.1]
    Renderer: NVIDIA GeForce RTX 4070 (ID=0x2786)
    Vendor:   NVIDIA
    VRAM:     12012 MB
    Driver:   31.0.15.5186
Initialize mono
Mono path[0] = 'C:/Program Files/2022.3.19f1/Editor/Data/Managed'
Mono path[1] = 'C:/Program Files/2022.3.19f1/Editor/Data/MonoBleedingEdge/lib/mono/unityjit-win32'
Mono config path = 'C:/Program Files/2022.3.19f1/Editor/Data/MonoBleedingEdge/etc'
Using monoOptions --debugger-agent=transport=dt_socket,embedding=1,server=y,suspend=n,address=127.0.0.1:56920
Begin MonoManager ReloadAssembly
Registering precompiled unity dll's ...
Register platform support module: C:/Program Files/2022.3.19f1/Editor/Data/PlaybackEngines/WindowsStandaloneSupport/UnityEditor.WindowsStandalone.Extensions.dll
Registered in 0.004871 seconds.
- Loaded All Assemblies, in  0.286 seconds
Native extension for WindowsStandalone target not found
Mono: successfully reloaded assembly
- Finished resetting the current domain, in  0.231 seconds
Domain Reload Profiling: 516ms
	BeginReloadAssembly (89ms)
		ExecutionOrderSort (0ms)
		DisableScriptedObjects (0ms)
		BackupInstance (0ms)
		ReleaseScriptingObjects (0ms)
		CreateAndSetChildDomain (1ms)
	RebuildCommonClasses (27ms)
	RebuildNativeTypeToScriptingClass (7ms)
	initialDomainReloadingComplete (46ms)
	LoadAllAssembliesAndSetupDomain (115ms)
		LoadAssemblies (87ms)
		RebuildTransferFunctionScriptingTraits (0ms)
		AnalyzeDomain (113ms)
			TypeCache.Refresh (112ms)
				TypeCache.ScanAssembly (100ms)
			ScanForSourceGeneratedMonoScriptInfo (0ms)
			ResolveRequiredComponents (1ms)
	FinalizeReload (232ms)
		ReleaseScriptCaches (0ms)
		RebuildScriptCaches (0ms)
		SetupLoadedEditorAssemblies (180ms)
			LogAssemblyErrors (0ms)
			InitializePlatformSupportModulesInManaged (8ms)
			SetLoadedEditorAssemblies (6ms)
			RefreshPlugins (0ms)
			BeforeProcessingInitializeOnLoad (2ms)
			ProcessInitializeOnLoadAttributes (125ms)
			ProcessInitializeOnLoadMethodAttributes (40ms)
			AfterProcessingInitializeOnLoad (0ms)
			EditorAssembliesLoaded (0ms)
		ExecutionOrderSort2 (0ms)
		AwakeInstancesAfterBackupRestoration (0ms)
========================================================================
Worker process is ready to serve import requests
Begin MonoManager ReloadAssembly
- Loaded All Assemblies, in  0.576 seconds
Refreshing native plugins compatible for Editor in 5.13 ms, found 4 plugins.
Native extension for WindowsStandalone target not found
Package Manager log level set to [2]
[Package Manager] Server::EnsureServerProcessIsRunning -- launch failed, reason: Unity was launched with the -noUpm command-line argument
[Package Manager] UpmClient::Send -- Unable to send message (not connected to UPM process).
[Package Manager] Cannot connect to Unity Package Manager local server
Mono: successfully reloaded assembly
- Finished resetting the current domain, in  0.529 seconds
Domain Reload Profiling: 1102ms
	BeginReloadAssembly (123ms)
		ExecutionOrderSort (0ms)
		DisableScriptedObjects (5ms)
		BackupInstance (0ms)
		ReleaseScriptingObjects (0ms)
		CreateAndSetChildDomain (19ms)
	RebuildCommonClasses (27ms)
	RebuildNativeTypeToScriptingClass (8ms)
	initialDomainReloadingComplete (37ms)
	LoadAllAssembliesAndSetupDomain (378ms)
		LoadAssemblies (276ms)
		RebuildTransferFunctionScriptingTraits (0ms)
		AnalyzeDomain (172ms)
			TypeCache.Refresh (145ms)
				TypeCache.ScanAssembly (132ms)
			ScanForSourceGeneratedMonoScriptInfo (21ms)
			ResolveRequiredComponents (4ms)
	FinalizeReload (529ms)
		ReleaseScriptCaches (0ms)
		RebuildScriptCaches (0ms)
		SetupLoadedEditorAssemblies (390ms)
			LogAssemblyErrors (0ms)
			InitializePlatformSupportModulesInManaged (5ms)
			SetLoadedEditorAssemblies (4ms)
			RefreshPlugins (0ms)
			BeforeProcessingInitializeOnLoad (61ms)
			ProcessInitializeOnLoadAttributes (282ms)
			ProcessInitializeOnLoadMethodAttributes (34ms)
			AfterProcessingInitializeOnLoad (5ms)
			EditorAssembliesLoaded (0ms)
		ExecutionOrderSort2 (0ms)
		AwakeInstancesAfterBackupRestoration (7ms)
Launched and connected shader compiler UnityShaderCompiler.exe after 0.04 seconds
Refreshing native plugins compatible for Editor in 5.58 ms, found 4 plugins.
Preloading 0 native plugins for Editor in 0.00 ms.
Unloading 4171 Unused Serialized files (Serialized files now loaded: 0)
Unloading 65 unused Assets / (61.9 KB). Loaded Objects now: 4636.
Memory consumption went from 149.4 MB to 149.3 MB.
Total: 2.686600 ms (FindLiveObjects: 0.220600 ms CreateObjectMapping: 0.129100 ms MarkObjects: 2.175500 ms  DeleteObjects: 0.160600 ms)

AssetImportParameters requested are different than current active one (requested -> active):
  custom:container-demuxer-ogg: 62fdf1f143b41e24485cea50d1cbac27 -> 
  custom:video-codec-MediaFoundation-h265: e54d7ab0439102e2317fc1e4b246158d -> 
  custom:video-decoder-ogg-theora: a1e56fd34408186e4bbccfd4996cb3dc -> 
  custom:framework-win-MediaFoundation: 216162199b28c13a410421893ffa2e32 -> 
  custom:CustomObjectIndexerAttribute: 6d391050e5a25f67b0a2c618074f2cd9 -> 
  custom:container-demuxer-webm: 4f35f7cbe854078d1ac9338744f61a02 -> 
  custom:container-muxer-webm: aa71ff27fc2769a1b78a27578f13a17b -> 
  custom:video-decoder-webm-vp8: 9c59270c3fd7afecdb556c50c9e8de78 -> 
  custom:SearchIndexIgnoredProperties: e643bd26f0fe6173181afceb89e7c659 -> 
  custom:AudioImporter_EditorPlatform: d09bf68614088b80899f8185d706f6e7 -> 
  custom:video-encoder-webm-vp8: eb34c28f22e8b96e1ab97ce403110664 -> 
  custom:audio-decoder-ogg-vorbis: bf7c407c2cedff20999df2af8eb42d56 -> 
  custom:audio-encoder-webm-vorbis: bf7c407c2cedff20999df2af8eb42d56 -> 
========================================================================
Received Import Request.
  Time since last request: 472018.597553 seconds.
  path: Assets/Atlases/fan_made_megaman_8_bit_spritesheet__old__by_johncartoonist04_de34zsp-414w-2x.png
  artifactKey: Guid(e1b093965e8ddb245801e894b5cc1120) Importer(815301076,1909f56bfc062723c751e8b465ee728b)
Start importing Assets/Atlases/fan_made_megaman_8_bit_spritesheet__old__by_johncartoonist04_de34zsp-414w-2x.png using Guid(e1b093965e8ddb245801e894b5cc1120) Importer(815301076,1909f56bfc062723c751e8b465ee728b)  -> (artifact id: '20c06d2c52eb053daab21a65311932a6') in 0.052605 seconds
Number of updated asset objects reloaded before import = 0
Number of asset objects unloaded after import = 2
========================================================================
Received Import Request.
  Time since last request: 77.160336 seconds.
  path: Assets/Atlases/platformset2.png
  artifactKey: Guid(c0d67ba146ef3f84a83317f4e55f9c85) Importer(815301076,1909f56bfc062723c751e8b465ee728b)
Start importing Assets/Atlases/platformset2.png using Guid(c0d67ba146ef3f84a83317f4e55f9c85) Importer(815301076,1909f56bfc062723c751e8b465ee728b)  -> (artifact id: '6e635d4d10451437265ae3e405bb778d') in 0.022716 seconds
Number of updated asset objects reloaded before import = 0
Number of asset objects unloaded after import = 2
========================================================================
Received Import Request.
  Time since last request: 286.560425 seconds.
  path: Assets/Atlases/platformset2.png
  artifactKey: Guid(c0d67ba146ef3f84a83317f4e55f9c85) Importer(815301076,1909f56bfc062723c751e8b465ee728b)
Start importing Assets/Atlases/platformset2.png using Guid(c0d67ba146ef3f84a83317f4e55f9c85) Importer(815301076,1909f56bfc062723c751e8b465ee728b)  -> (artifact id: '0037ca66dfc78a89ee7e8bb0db4acfee') in 0.197950 seconds
Number of updated asset objects reloaded before import = 0
Number of asset objects unloaded after import = 56
========================================================================
Received Import Request.
  Time since last request: 292.811779 seconds.
  path: Assets/Atlases/Tilemaps
  artifactKey: Guid(6f1a8eda2292c164da7a2ff1c0073377) Importer(815301076,1909f56bfc062723c751e8b465ee728b)
Start importing Assets/Atlases/Tilemaps using Guid(6f1a8eda2292c164da7a2ff1c0073377) Importer(815301076,1909f56bfc062723c751e8b465ee728b)  -> (artifact id: '4ca68e7ae90c8a2c71073ca43e79c897') in 0.000767 seconds
Number of updated asset objects reloaded before import = 0
Number of asset objects unloaded after import = 0
========================================================================
Received Import Request.
  Time since last request: 0.075192 seconds.
  path: Assets/Atlases/Tilemaps/Ground.prefab
  artifactKey: Guid(1297de0ae252247409fb8ab23ab36c24) Importer(815301076,1909f56bfc062723c751e8b465ee728b)
Start importing Assets/Atlases/Tilemaps/Ground.prefab using Guid(1297de0ae252247409fb8ab23ab36c24) Importer(815301076,1909f56bfc062723c751e8b465ee728b)  -> (artifact id: '40a27eea17ebaf7c3f413a416fce8941') in 0.067680 seconds
Number of updated asset objects reloaded before import = 0
Number of asset objects unloaded after import = 119
========================================================================
Received Import Request.
  Time since last request: 0.000022 seconds.
  path: Assets/Atlases/Tilemaps/platformset2_2.asset
  artifactKey: Guid(540a4d597ab91104082353fa45e9ae55) Importer(815301076,1909f56bfc062723c751e8b465ee728b)
Start importing Assets/Atlases/Tilemaps/platformset2_2.asset using Guid(540a4d597ab91104082353fa45e9ae55) Importer(815301076,1909f56bfc062723c751e8b465ee728b)  -> (artifact id: '0033375be2cd452a478c111a238da0ec') in 0.016434 seconds
Number of updated asset objects reloaded before import = 0
Number of asset objects unloaded after import = 3
========================================================================
Received Import Request.
  Time since last request: 0.000020 seconds.
  path: Assets/Atlases/Tilemaps/platformset2_15.asset
  artifactKey: Guid(189706ae63af0634b996ae12ea19f21a) Importer(815301076,1909f56bfc062723c751e8b465ee728b)
Start importing Assets/Atlases/Tilemaps/platformset2_15.asset using Guid(189706ae63af0634b996ae12ea19f21a) Importer(815301076,1909f56bfc062723c751e8b465ee728b)  -> (artifact id: 'cc979840941f3cf6a5d9010d847bbd40') in 0.013631 seconds
Number of updated asset objects reloaded before import = 0
Number of asset objects unloaded after import = 3
========================================================================
Received Import Request.
  Time since last request: 0.000023 seconds.
  path: Assets/Atlases/Tilemaps/platformset2_33.asset
  artifactKey: Guid(1f30af1b9e2f229438f9f29bc867f798) Importer(815301076,1909f56bfc062723c751e8b465ee728b)
Start importing Assets/Atlases/Tilemaps/platformset2_33.asset using Guid(1f30af1b9e2f229438f9f29bc867f798) Importer(815301076,1909f56bfc062723c751e8b465ee728b)  -> (artifact id: '209172047ba57d1c0a45aa4ebb7796a5') in 0.013322 seconds
Number of updated asset objects reloaded before import = 0
Number of asset objects unloaded after import = 3
========================================================================
Received Import Request.
  Time since last request: 0.000016 seconds.
  path: Assets/Atlases/Tilemaps/platformset2_18.asset
  artifactKey: Guid(234a314cd3151f24dbc4dcf5508a7e6c) Importer(815301076,1909f56bfc062723c751e8b465ee728b)
Start importing Assets/Atlases/Tilemaps/platformset2_18.asset using Guid(234a314cd3151f24dbc4dcf5508a7e6c) Importer(815301076,1909f56bfc062723c751e8b465ee728b)  -> (artifact id: 'f7393ec34c970666c2f96149d16309c2') in 0.012223 seconds
Number of updated asset objects reloaded before import = 0
Number of asset objects unloaded after import = 3
========================================================================
Received Import Request.
  Time since last request: 0.000014 seconds.
  path: Assets/Atlases/Tilemaps/platformset2_12.asset
  artifactKey: Guid(f695318053b9e2449b10814b0dec3817) Importer(815301076,1909f56bfc062723c751e8b465ee728b)
Start importing Assets/Atlases/Tilemaps/platformset2_12.asset using Guid(f695318053b9e2449b10814b0dec3817) Importer(815301076,1909f56bfc062723c751e8b465ee728b)  -> (artifact id: 'fd371173b4278117fdc6919ede54f698') in 0.014312 seconds
Number of updated asset objects reloaded before import = 0
Number of asset objects unloaded after import = 3
========================================================================
Received Import Request.
  Time since last request: 0.000062 seconds.
  path: Assets/Atlases/Tilemaps/platformset2_7.asset
  artifactKey: Guid(68d44e826ba81494da273db0156e243f) Importer(815301076,1909f56bfc062723c751e8b465ee728b)
Start importing Assets/Atlases/Tilemaps/platformset2_7.asset using Guid(68d44e826ba81494da273db0156e243f) Importer(815301076,1909f56bfc062723c751e8b465ee728b)  -> (artifact id: '3e56adc20e4631211a3eab353367f2ba') in 0.012884 seconds
Number of updated asset objects reloaded before import = 0
Number of asset objects unloaded after import = 3
========================================================================
Received Import Request.
  Time since last request: 0.000013 seconds.
  path: Assets/Atlases/Tilemaps/platformset2_9.asset
  artifactKey: Guid(e53400e9cc1be8b42ab78a4ba53828b0) Importer(815301076,1909f56bfc062723c751e8b465ee728b)
Start importing Assets/Atlases/Tilemaps/platformset2_9.asset using Guid(e53400e9cc1be8b42ab78a4ba53828b0) Importer(815301076,1909f56bfc062723c751e8b465ee728b)  -> (artifact id: 'ef477021745fbdef1f776753ca4fc54f') in 0.012401 seconds
Number of updated asset objects reloaded before import = 0
Number of asset objects unloaded after import = 3
========================================================================
Received Import Request.
  Time since last request: 0.000022 seconds.
  path: Assets/Atlases/Tilemaps/platformset2_20.asset
  artifactKey: Guid(63808cf8f0f29b249879c0dabf7cb751) Importer(815301076,1909f56bfc062723c751e8b465ee728b)
Start importing Assets/Atlases/Tilemaps/platformset2_20.asset using Guid(63808cf8f0f29b249879c0dabf7cb751) Importer(815301076,1909f56bfc062723c751e8b465ee728b)  -> (artifact id: 'e5b0c3c68b753f05d7face8d06af3cd0') in 0.014390 seconds
Number of updated asset objects reloaded before import = 0
Number of asset objects unloaded after import = 3
========================================================================
Received Import Request.
  Time since last request: 0.000015 seconds.
  path: Assets/Atlases/Tilemaps/platformset2_23.asset
  artifactKey: Guid(2db6863f4d10128458590c3965253b7f) Importer(815301076,1909f56bfc062723c751e8b465ee728b)
Start importing Assets/Atlases/Tilemaps/platformset2_23.asset using Guid(2db6863f4d10128458590c3965253b7f) Importer(815301076,1909f56bfc062723c751e8b465ee728b)  -> (artifact id: '3dc109b09a4266a11d5a4a24f557b322') in 0.012775 seconds
Number of updated asset objects reloaded before import = 0
Number of asset objects unloaded after import = 3
========================================================================
Received Import Request.
  Time since last request: 0.000018 seconds.
  path: Assets/Atlases/Tilemaps/platformset2_6.asset
  artifactKey: Guid(d4106927ff2587946af5a920f8085b6f) Importer(815301076,1909f56bfc062723c751e8b465ee728b)
Start importing Assets/Atlases/Tilemaps/platformset2_6.asset using Guid(d4106927ff2587946af5a920f8085b6f) Importer(815301076,1909f56bfc062723c751e8b465ee728b)  -> (artifact id: '2ace5425ffd18958ed1743797a4bffe5') in 0.013397 seconds
Number of updated asset objects reloaded before import = 0
Number of asset objects unloaded after import = 3
========================================================================
Received Import Request.
  Time since last request: 0.000020 seconds.
  path: Assets/Atlases/Tilemaps/platformset2_31.asset
  artifactKey: Guid(d2d93a4348fa56e408b9897cf91afde9) Importer(815301076,1909f56bfc062723c751e8b465ee728b)
Start importing Assets/Atlases/Tilemaps/platformset2_31.asset using Guid(d2d93a4348fa56e408b9897cf91afde9) Importer(815301076,1909f56bfc062723c751e8b465ee728b)  -> (artifact id: '40a02551fca7b4b0d6f155cb59a18f96') in 0.014971 seconds
Number of updated asset objects reloaded before import = 0
Number of asset objects unloaded after import = 3
========================================================================
Received Import Request.
  Time since last request: 0.000017 seconds.
  path: Assets/Atlases/Tilemaps/platformset2_13.asset
  artifactKey: Guid(bc9ced9caae6a6e4897052db137a4341) Importer(815301076,1909f56bfc062723c751e8b465ee728b)
Start importing Assets/Atlases/Tilemaps/platformset2_13.asset using Guid(bc9ced9caae6a6e4897052db137a4341) Importer(815301076,1909f56bfc062723c751e8b465ee728b)  -> (artifact id: '18ee8d3ada2c0955182f9c324b3e9011') in 0.013615 seconds
Number of updated asset objects reloaded before import = 0
Number of asset objects unloaded after import = 3
========================================================================
Received Import Request.
  Time since last request: 0.000019 seconds.
  path: Assets/Atlases/Tilemaps/platformset2_4.asset
  artifactKey: Guid(671e406995eb61843a28fa56eb319c7b) Importer(815301076,1909f56bfc062723c751e8b465ee728b)
Start importing Assets/Atlases/Tilemaps/platformset2_4.asset using Guid(671e406995eb61843a28fa56eb319c7b) Importer(815301076,1909f56bfc062723c751e8b465ee728b)  -> (artifact id: 'a594cc9801c0af71ba438932d2d48617') in 0.013004 seconds
Number of updated asset objects reloaded before import = 0
Number of asset objects unloaded after import = 3
========================================================================
Received Import Request.
  Time since last request: 0.000013 seconds.
  path: Assets/Atlases/Tilemaps/platformset2_28.asset
  artifactKey: Guid(5bd423d5e873d7e47babdaf545803c7d) Importer(815301076,1909f56bfc062723c751e8b465ee728b)
Start importing Assets/Atlases/Tilemaps/platformset2_28.asset using Guid(5bd423d5e873d7e47babdaf545803c7d) Importer(815301076,1909f56bfc062723c751e8b465ee728b)  -> (artifact id: '428c56f7d7e759421f069b58ccc128d6') in 0.012854 seconds
Number of updated asset objects reloaded before import = 0
Number of asset objects unloaded after import = 3
========================================================================
Received Import Request.
  Time since last request: 0.000029 seconds.
  path: Assets/Atlases/Tilemaps/platformset2_30.asset
  artifactKey: Guid(88643d88b3702b24fb534e81f2754f1d) Importer(815301076,1909f56bfc062723c751e8b465ee728b)
Start importing Assets/Atlases/Tilemaps/platformset2_30.asset using Guid(88643d88b3702b24fb534e81f2754f1d) Importer(815301076,1909f56bfc062723c751e8b465ee728b)  -> (artifact id: '0f709b86e3e88c73a83e3f30bc1af9a5') in 0.013958 seconds
Number of updated asset objects reloaded before import = 0
Number of asset objects unloaded after import = 3
========================================================================
Received Import Request.
  Time since last request: 0.000013 seconds.
  path: Assets/Atlases/Tilemaps/platformset2_22.asset
  artifactKey: Guid(5d74e39b07c5d5540a39cae854ac60cd) Importer(815301076,1909f56bfc062723c751e8b465ee728b)
Start importing Assets/Atlases/Tilemaps/platformset2_22.asset using Guid(5d74e39b07c5d5540a39cae854ac60cd) Importer(815301076,1909f56bfc062723c751e8b465ee728b)  -> (artifact id: '80f2f43d2894ef2c317a70f8c9e6ffc9') in 0.013288 seconds
Number of updated asset objects reloaded before import = 0
Number of asset objects unloaded after import = 3
========================================================================
Received Import Request.
  Time since last request: 0.000014 seconds.
  path: Assets/Atlases/Tilemaps/platformset2_21.asset
  artifactKey: Guid(1a5bff930891fc446952ec4e4cab88a0) Importer(815301076,1909f56bfc062723c751e8b465ee728b)
Start importing Assets/Atlases/Tilemaps/platformset2_21.asset using Guid(1a5bff930891fc446952ec4e4cab88a0) Importer(815301076,1909f56bfc062723c751e8b465ee728b)  -> (artifact id: '92b7884d8ef327056d3e3e083ca9dbb9') in 0.012516 seconds
Number of updated asset objects reloaded before import = 0
Number of asset objects unloaded after import = 3
========================================================================
Received Import Request.
  Time since last request: 4.394699 seconds.
  path: Assets/Atlases/Tilemaps/platformset2_37.asset
  artifactKey: Guid(3fc641ddbe4dfbc4a9490a396c99de39) Importer(815301076,1909f56bfc062723c751e8b465ee728b)
Start importing Assets/Atlases/Tilemaps/platformset2_37.asset using Guid(3fc641ddbe4dfbc4a9490a396c99de39) Importer(815301076,1909f56bfc062723c751e8b465ee728b)  -> (artifact id: '55cc19f4b8994eccd2b011b2d2bf0c2b') in 0.015305 seconds
Number of updated asset objects reloaded before import = 0
Number of asset objects unloaded after import = 3
========================================================================
Received Import Request.
  Time since last request: 0.000021 seconds.
  path: Assets/Atlases/Tilemaps/platformset2_41.asset
  artifactKey: Guid(8e4f59925c2916d4795f9bc7e4491045) Importer(815301076,1909f56bfc062723c751e8b465ee728b)
Start importing Assets/Atlases/Tilemaps/platformset2_41.asset using Guid(8e4f59925c2916d4795f9bc7e4491045) Importer(815301076,1909f56bfc062723c751e8b465ee728b)  -> (artifact id: 'b039741665b44fc07fd63134f22b6814') in 0.013869 seconds
Number of updated asset objects reloaded before import = 0
Number of asset objects unloaded after import = 3
========================================================================
Received Import Request.
  Time since last request: 1.105989 seconds.
  path: Assets/Atlases/Tilemaps/platformset2_44.asset
  artifactKey: Guid(8cd9ea7d858ea684db7518f43984e0b2) Importer(815301076,1909f56bfc062723c751e8b465ee728b)
Start importing Assets/Atlases/Tilemaps/platformset2_44.asset using Guid(8cd9ea7d858ea684db7518f43984e0b2) Importer(815301076,1909f56bfc062723c751e8b465ee728b)  -> (artifact id: '9041101db87005a702157b3751c390e8') in 0.018820 seconds
Number of updated asset objects reloaded before import = 0
Number of asset objects unloaded after import = 3
========================================================================
Received Import Request.
  Time since last request: 0.044436 seconds.
  path: Assets/Atlases/Tilemaps/platformset2_50.asset
  artifactKey: Guid(209050fa8f62b074a94bede639f6f2ed) Importer(815301076,1909f56bfc062723c751e8b465ee728b)
Start importing Assets/Atlases/Tilemaps/platformset2_50.asset using Guid(209050fa8f62b074a94bede639f6f2ed) Importer(815301076,1909f56bfc062723c751e8b465ee728b)  -> (artifact id: 'd0aed78aa08ba1a7f8835c02ed9cff6c') in 0.017772 seconds
Number of updated asset objects reloaded before import = 0
Number of asset objects unloaded after import = 3
Editor requested this worker to shutdown with reason: Scaling down because of idle timeout
TcpMessagingSession - receive error: operation aborted. errorcode: 995, details: The I/O operation has been aborted because of either a thread exit or an application request.
AssetImportWorker is now disconnected from the server
Process exiting
Exiting without the bug reporter. Application will terminate with return code 0